2025-10-18 16:15:10,608 - analysis_20251018_161510 - WARNING - STEP WARNING: Starting GUI launcher
2025-10-18 16:15:10,609 - analysis_20251018_161510 - WARNING - STEP WARNING: Checking dependencies
2025-10-18 16:15:12,632 - analysis_20251018_161510 - INFO - STEP: Dependency check
2025-10-18 16:15:12,632 - analysis_20251018_161510 - WARNING - STEP WARNING: Killing existing sessions
2025-10-18 16:15:18,045 - analysis_20251018_161510 - INFO - STEP: Killing existing sessions
2025-10-18 16:15:18,046 - analysis_20251018_161510 - INFO - STEP: GUI files check
2025-10-18 16:15:18,047 - analysis_20251018_161510 - INFO - STEP: Configuration validation
2025-10-18 16:15:18,048 - analysis_20251018_161510 - WARNING - STEP WARNING: Starting GUI server
2025-10-18 16:26:04,051 - analysis_20251018_161510 - INFO - STEP: GUI server started
2025-10-18 16:26:04,056 - analysis_20251018_161510 - INFO - Analysis data saved to output\analysis_data_GUI_LAUNCHER_20251018_161510.json
2025-10-18 16:26:04,056 - analysis_20251018_161510 - INFO - ============================================================
2025-10-18 16:26:04,058 - analysis_20251018_161510 - INFO - ANALYSIS RUN SUMMARY
2025-10-18 16:26:04,058 - analysis_20251018_161510 - INFO - ============================================================
2025-10-18 16:26:04,058 - analysis_20251018_161510 - INFO - Run ID: 20251018_161510
2025-10-18 16:26:04,060 - analysis_20251018_161510 - INFO - Symbol: GUI_LAUNCHER
2025-10-18 16:26:04,061 - analysis_20251018_161510 - INFO - Duration: 653.4 seconds
2025-10-18 16:26:04,062 - analysis_20251018_161510 - INFO - Problems: 0
2025-10-18 16:26:04,062 - analysis_20251018_161510 - INFO - Warnings: 0
2025-10-18 16:26:04,063 - analysis_20251018_161510 - INFO - Errors: 0
2025-10-18 16:26:04,064 - analysis_20251018_161510 - INFO - Analysis Steps: 9
2025-10-18 16:26:04,064 - analysis_20251018_161510 - INFO - ============================================================
2025-10-18 16:26:04,065 - analysis_20251018_161510 - INFO - Log file: output\analysis_log_GUI_LAUNCHER_20251018_161510.log
2025-10-18 16:26:04,065 - analysis_20251018_161510 - INFO - Data file: output\analysis_data_GUI_LAUNCHER_20251018_161510.json
2025-10-18 16:26:04,065 - analysis_20251018_161510 - INFO - ============================================================
